<?xml version="1.0" encoding="UTF-8"?>
<!-- Generated by org.testng.reporters.JUnitReportReporter -->
<testsuite hostname="LAPTOP-D6EH55C7" failures="0" tests="1" name="Testcases.LoginTestCase" time="9.390" errors="0" timestamp="2023-03-30T16:56:40 IST" skipped="0">
  <testcase classname="Testcases.LoginTestCase" name="Login" time="9.390"/>
  <system-out/>
</testsuite> <!-- Testcases.LoginTestCase -->
